<?xml version="1.0" encoding="UTF-8"?>
<testsuite name="SelenideExample" tests="1" skipped="0" failures="0" errors="0" timestamp="2020-10-14T19:45:26" hostname="Pavels-MBP" time="15.521">
  <properties/>
  <testcase name="testExample" classname="SelenideExample" time="15.521"/>
  <system-out><![CDATA[]]></system-out>
  <system-err><![CDATA[[Test worker] INFO com.codeborne.selenide.impl.WebDriverThreadLocalContainer - No webdriver is bound to current thread: 10 - let's create a new webdriver
[Test worker] INFO com.codeborne.selenide.impl.FileHelper - Creating folder: /Users/pashidlos/work/vrt/examples-java/selenide-gradle/build/downloads/1602704726697_14572_10
[Test worker] INFO com.codeborne.selenide.webdriver.AbstractDriverFactory - Write webdriver logs to: /Users/pashidlos/work/vrt/examples-java/selenide-gradle/build/reports/tests/webdriver.1602704726895_14572_10.log
Starting ChromeDriver 86.0.4240.22 (398b0743353ff36fb1b82468f63a3a93b4e2e89e-refs/branch-heads/4240@{#378}) on port 18713
Only local connections are allowed.
Please see https://chromedriver.chromium.org/security-considerations for suggestions on keeping ChromeDriver safe.
ChromeDriver was started successfully.
Oct 14, 2020 10:45:30 PM org.openqa.selenium.remote.ProtocolHandshake createSession
INFO: Detected dialect: W3C
[Test worker] INFO com.codeborne.selenide.webdriver.BrowserResizer - Set browser size to 1240x1024
[Test worker] INFO com.codeborne.selenide.webdriver.WebDriverFactory - Selenide v. 5.14.0
[Test worker] INFO com.codeborne.selenide.webdriver.WebDriverFactory - Selenium WebDriver v. 3.141.59 build time: 2018-11-14T08:17:03
[Test worker] ERROR io.visual_regression_tracker.sdk_java.VisualRegressionTracker - Difference found: http://localhost/2fd1e291-c7fd-4d30-aa31-f45237b639b0?buildId=4d98092d-1de4-4ed4-9524-ace99902b26e&testId=dd0da79a-9250-40de-bc4b-e5c8048902d3
]]></system-err>
</testsuite>
